[0m15:02:31.457240 [debug] [MainThread]: Sending event: {'category': 'dbt', 'action': 'invocation', 'label': 'start', 'context': [<snowplow_tracker.self_describing_json.SelfDescribingJson object at 0x0000020637FFE370>, <snowplow_tracker.self_describing_json.SelfDescribingJson object at 0x000002063A2B0EE0>, <snowplow_tracker.self_describing_json.SelfDescribingJson object at 0x000002063A2B0F10>]}


============================== 15:02:31.466303 | 14e28b43-549c-4cdd-a9e6-d5a9f7b7e073 ==============================
[0m15:02:31.466303 [info ] [MainThread]: Running with dbt=1.10.11
[0m15:02:31.466303 [debug] [MainThread]: running dbt with arguments {'warn_error': 'None', 'partial_parse': 'True', 'profiles_dir': 'C:\\Users\\thoma\\.dbt', 'no_print': 'None', 'invocation_command': 'dbt init', 'log_path': 'logs', 'log_format': 'default', 'write_json': 'True', 'indirect_selection': 'eager', 'cache_selected_only': 'False', 'target_path': 'None', 'empty': 'None', 'printer_width': '80', 'use_colors': 'True', 'introspect': 'True', 'fail_fast': 'False', 'send_anonymous_usage_stats': 'True', 'log_cache_events': 'False', 'use_experimental_parser': 'False', 'static_parser': 'True', 'debug': 'False', 'version_check': 'True', 'quiet': 'False', 'warn_error_options': 'WarnErrorOptionsV2(error=[], warn=[], silence=[])'}
[0m15:02:47.491257 [debug] [MainThread]: Starter project path: c:\users\thoma\documents\pbi_git\football_databricks\.venv\lib\site-packages\dbt\include\starter_project
[0m15:02:47.717197 [info ] [MainThread]: 
Your new dbt project "dbt_football_databricks" was created!

For more information on how to configure the profiles.yml file,
please consult the dbt documentation here:

  https://docs.getdbt.com/docs/configure-your-profile

One more thing:

Need help? Don't hesitate to reach out to us via GitHub issues or on Slack:

  https://community.getdbt.com/

Happy modeling!

[0m15:02:47.721227 [info ] [MainThread]: Setting up your profile.
[0m15:03:14.728158 [debug] [MainThread]: Spark adapter: Setting pyhive.hive logging to ERROR
[0m15:03:14.728158 [debug] [MainThread]: Spark adapter: Setting thrift.transport logging to ERROR
[0m15:03:14.728158 [debug] [MainThread]: Spark adapter: Setting thrift.protocol logging to ERROR
[0m15:10:26.533373 [info ] [MainThread]: Profile dbt_football_databricks written to C:\Users\thoma\.dbt\profiles.yml using target's profile_template.yml and your supplied values. Run 'dbt debug' to validate the connection.
[0m15:10:26.539004 [debug] [MainThread]: Command `dbt init` succeeded at 15:10:26.539004 after 475.19 seconds
[0m15:10:26.555859 [debug] [MainThread]: Sending event: {'category': 'dbt', 'action': 'invocation', 'label': 'end', 'context': [<snowplow_tracker.self_describing_json.SelfDescribingJson object at 0x0000020637FFE370>, <snowplow_tracker.self_describing_json.SelfDescribingJson object at 0x000002063A280130>, <snowplow_tracker.self_describing_json.SelfDescribingJson object at 0x000002063B6607F0>]}
[0m15:10:26.555859 [debug] [MainThread]: Flushing usage events
[0m15:10:27.531914 [debug] [MainThread]: An error was encountered while trying to flush usage events
